<?xml version="1.0" encoding="UTF-8"?>
<!-- Generated by org.testng.reporters.JUnitReportReporter -->
<testsuite skipped="0" hostname="LAPTOP-KFDVC62G" name="com.sample.BPPLTest3" tests="1" failures="0" timestamp="03 Jun 2020 13:12:31 GMT" time="7.247" errors="0">
  <testcase name="test" time="7.247" classname="com.sample.BPPLTest3"/>
</testsuite> <!-- com.sample.BPPLTest3 -->
